<?xml version="1.0" encoding="UTF-8"?>
<coverage generated="1721490274742" clover="3.2.0">
  <project timestamp="1721490274742" name="All files">
    <metrics statements="131" coveredstatements="131" conditionals="49" coveredconditionals="47" methods="24" coveredmethods="23" elements="204" coveredelements="201" complexity="0" loc="131" ncloc="131" packages="1" files="3" classes="3"/>
    <file name="db.ts" path="/Users/thorbjorntasche/projects/uniicy/mariaOrm/src/db.ts">
      <metrics statements="18" coveredstatements="18" conditionals="1" coveredconditionals="1" methods="7" coveredmethods="7"/>
      <line num="1" count="3" type="stmt"/>
      <line num="11" count="3" type="stmt"/>
      <line num="12" count="6" type="stmt"/>
      <line num="22" count="3" type="stmt"/>
      <line num="24" count="3" type="stmt"/>
      <line num="25" count="6" type="stmt"/>
      <line num="28" count="18" type="stmt"/>
      <line num="29" count="18" type="stmt"/>
      <line num="30" count="18" type="cond" truecount="1" falsecount="0"/>
      <line num="31" count="1" type="stmt"/>
      <line num="33" count="17" type="stmt"/>
      <line num="42" count="3" type="stmt"/>
      <line num="45" count="6" type="stmt"/>
      <line num="46" count="6" type="stmt"/>
      <line num="47" count="6" type="stmt"/>
      <line num="48" count="6" type="stmt"/>
      <line num="49" count="6" type="stmt"/>
      <line num="50" count="18" type="stmt"/>
    </file>
    <file name="orm.ts" path="/Users/thorbjorntasche/projects/uniicy/mariaOrm/src/orm.ts">
      <metrics statements="91" coveredstatements="91" conditionals="42" coveredconditionals="41" methods="12" coveredmethods="11"/>
      <line num="1" count="1" type="stmt"/>
      <line num="2" count="1" type="stmt"/>
      <line num="9" count="3" type="stmt"/>
      <line num="10" count="3" type="stmt"/>
      <line num="13" count="3" type="stmt"/>
      <line num="14" count="3" type="stmt"/>
      <line num="18" count="3" type="stmt"/>
      <line num="19" count="3" type="stmt"/>
      <line num="23" count="5" type="stmt"/>
      <line num="24" count="5" type="stmt"/>
      <line num="29" count="5" type="cond" truecount="2" falsecount="0"/>
      <line num="30" count="3" type="stmt"/>
      <line num="31" count="3" type="cond" truecount="1" falsecount="0"/>
      <line num="32" count="3" type="cond" truecount="1" falsecount="1"/>
      <line num="39" count="2" type="stmt"/>
      <line num="42" count="5" type="stmt"/>
      <line num="43" count="5" type="stmt"/>
      <line num="45" count="5" type="cond" truecount="2" falsecount="0"/>
      <line num="49" count="4" type="stmt"/>
      <line num="50" count="4" type="stmt"/>
      <line num="52" count="4" type="stmt"/>
      <line num="53" count="7" type="cond" truecount="1" falsecount="0"/>
      <line num="54" count="4" type="stmt"/>
      <line num="55" count="4" type="stmt"/>
      <line num="57" count="4" type="cond" truecount="2" falsecount="0"/>
      <line num="61" count="2" type="stmt"/>
      <line num="68" count="2" type="stmt"/>
      <line num="75" count="2" type="cond" truecount="1" falsecount="0"/>
      <line num="76" count="2" type="stmt"/>
      <line num="77" count="2" type="stmt"/>
      <line num="84" count="2" type="stmt"/>
      <line num="89" count="2" type="stmt"/>
      <line num="100" count="4" type="stmt"/>
      <line num="108" count="9" type="cond" truecount="1" falsecount="0"/>
      <line num="109" count="6" type="stmt"/>
      <line num="115" count="9" type="stmt"/>
      <line num="118" count="28" type="cond" truecount="2" falsecount="0"/>
      <line num="127" count="11" type="stmt"/>
      <line num="128" count="11" type="stmt"/>
      <line num="130" count="11" type="stmt"/>
      <line num="131" count="12" type="stmt"/>
      <line num="132" count="12" type="cond" truecount="1" falsecount="0"/>
      <line num="133" count="12" type="stmt"/>
      <line num="134" count="12" type="stmt"/>
      <line num="135" count="56" type="cond" truecount="1" falsecount="0"/>
      <line num="136" count="37" type="stmt"/>
      <line num="139" count="12" type="stmt"/>
      <line num="140" count="19" type="cond" truecount="1" falsecount="0"/>
      <line num="141" count="6" type="stmt"/>
      <line num="144" count="12" type="stmt"/>
      <line num="147" count="12" type="stmt"/>
      <line num="148" count="19" type="cond" truecount="1" falsecount="0"/>
      <line num="149" count="6" type="stmt"/>
      <line num="150" count="6" type="cond" truecount="1" falsecount="0"/>
      <line num="151" count="4" type="stmt"/>
      <line num="158" count="11" type="stmt"/>
      <line num="159" count="12" type="stmt"/>
      <line num="160" count="19" type="stmt"/>
      <line num="161" count="19" type="cond" truecount="3" falsecount="0"/>
      <line num="162" count="3" type="stmt"/>
      <line num="164" count="2" type="cond" truecount="1" falsecount="0"/>
      <line num="165" count="2" type="stmt"/>
      <line num="167" count="2" type="stmt"/>
      <line num="171" count="3" type="stmt"/>
      <line num="176" count="11" type="stmt"/>
      <line num="180" count="6" type="stmt"/>
      <line num="181" count="6" type="stmt"/>
      <line num="182" count="6" type="stmt"/>
      <line num="183" count="36" type="cond" truecount="1" falsecount="0"/>
      <line num="184" count="19" type="stmt"/>
      <line num="185" count="19" type="stmt"/>
      <line num="186" count="19" type="cond" truecount="1" falsecount="0"/>
      <line num="187" count="13" type="stmt"/>
      <line num="191" count="6" type="cond" truecount="2" falsecount="0"/>
      <line num="198" count="3" type="stmt"/>
      <line num="199" count="3" type="stmt"/>
      <line num="204" count="3" type="stmt"/>
      <line num="205" count="3" type="cond" truecount="2" falsecount="0"/>
      <line num="212" count="6" type="stmt"/>
      <line num="213" count="6" type="stmt"/>
      <line num="215" count="6" type="stmt"/>
      <line num="220" count="6" type="cond" truecount="1" falsecount="0"/>
      <line num="221" count="1" type="stmt"/>
      <line num="222" count="1" type="cond" truecount="1" falsecount="0"/>
      <line num="223" count="1" type="stmt"/>
      <line num="227" count="1" type="stmt"/>
      <line num="234" count="6" type="stmt"/>
      <line num="235" count="6" type="stmt"/>
      <line num="236" count="6" type="stmt"/>
      <line num="238" count="6" type="cond" truecount="2" falsecount="0"/>
      <line num="242" count="1" type="stmt"/>
    </file>
    <file name="queryBuilder.ts" path="/Users/thorbjorntasche/projects/uniicy/mariaOrm/src/queryBuilder.ts">
      <metrics statements="22" coveredstatements="22" conditionals="6" coveredconditionals="5" methods="5" coveredmethods="5"/>
      <line num="3" count="7" type="stmt"/>
      <line num="4" count="7" type="stmt"/>
      <line num="5" count="7" type="stmt"/>
      <line num="8" count="7" type="stmt"/>
      <line num="12" count="7" type="stmt"/>
      <line num="13" count="7" type="stmt"/>
      <line num="14" count="7" type="stmt"/>
      <line num="18" count="1" type="stmt"/>
      <line num="19" count="1" type="stmt"/>
      <line num="20" count="1" type="stmt"/>
      <line num="24" count="7" type="stmt"/>
      <line num="25" count="7" type="cond" truecount="2" falsecount="1"/>
      <line num="26" count="7" type="stmt"/>
      <line num="27" count="7" type="cond" truecount="1" falsecount="0"/>
      <line num="28" count="7" type="stmt"/>
      <line num="30" count="7" type="cond" truecount="1" falsecount="0"/>
      <line num="31" count="1" type="cond" truecount="1" falsecount="0"/>
      <line num="32" count="1" type="stmt"/>
      <line num="34" count="1" type="stmt"/>
      <line num="37" count="7" type="stmt"/>
      <line num="41" count="7" type="stmt"/>
      <line num="45" count="2" type="stmt"/>
    </file>
  </project>
</coverage>
