{"/Users/thorbjorntasche/projects/uniicy/mariaOrm/src/db.ts": {"path":"/Users/thorbjorntasche/projects/uniicy/mariaOrm/src/db.ts","statementMap":{"0":{"start":{"line":1,"column":0},"end":{"line":1,"column":30}},"1":{"start":{"line":11,"column":19},"end":{"line":20,"column":1}},"2":{"start":{"line":12,"column":2},"end":{"line":19,"column":5}},"3":{"start":{"line":22,"column":47},"end":{"line":22,"column":49}},"4":{"start":{"line":24,"column":25},"end":{"line":26,"column":1}},"5":{"start":{"line":25,"column":2},"end":{"line":25,"column":35}},"6":{"start":{"line":24,"column":13},"end":{"line":24,"column":25}},"7":{"start":{"line":28,"column":29},"end":{"line":34,"column":2}},"8":{"start":{"line":28,"column":54},"end":{"line":34,"column":2}},"9":{"start":{"line":29,"column":15},"end":{"line":29,"column":28}},"10":{"start":{"line":30,"column":2},"end":{"line":32,"column":null}},"11":{"start":{"line":31,"column":4},"end":{"line":31,"column":59}},"12":{"start":{"line":33,"column":2},"end":{"line":33,"column":36}},"13":{"start":{"line":28,"column":13},"end":{"line":28,"column":29}},"14":{"start":{"line":42,"column":30},"end":{"line":51,"column":2}},"15":{"start":{"line":45,"column":23},"end":{"line":51,"column":2}},"16":{"start":{"line":46,"column":15},"end":{"line":46,"column":42}},"17":{"start":{"line":47,"column":16},"end":{"line":47,"column":58}},"18":{"start":{"line":48,"column":15},"end":{"line":48,"column":38}},"19":{"start":{"line":49,"column":2},"end":{"line":49,"column":13}},"20":{"start":{"line":50,"column":2},"end":{"line":50,"column":43}},"21":{"start":{"line":50,"column":32},"end":{"line":50,"column":41}},"22":{"start":{"line":42,"column":13},"end":{"line":42,"column":30}}},"fnMap":{"0":{"name":"(anonymous_8)","decl":{"start":{"line":11,"column":19},"end":{"line":11,"column":20}},"loc":{"start":{"line":11,"column":40},"end":{"line":20,"column":1}}},"1":{"name":"(anonymous_9)","decl":{"start":{"line":24,"column":25},"end":{"line":24,"column":26}},"loc":{"start":{"line":24,"column":60},"end":{"line":26,"column":1}}},"2":{"name":"(anonymous_10)","decl":{"start":{"line":28,"column":29},"end":{"line":28,"column":36}},"loc":{"start":{"line":28,"column":54},"end":{"line":34,"column":2}}},"3":{"name":"(anonymous_11)","decl":{"start":{"line":28,"column":54},"end":{"line":28,"column":null}},"loc":{"start":{"line":28,"column":54},"end":{"line":34,"column":1}}},"4":{"name":"(anonymous_12)","decl":{"start":{"line":42,"column":30},"end":{"line":42,"column":null}},"loc":{"start":{"line":45,"column":23},"end":{"line":51,"column":2}}},"5":{"name":"(anonymous_13)","decl":{"start":{"line":45,"column":23},"end":{"line":45,"column":null}},"loc":{"start":{"line":45,"column":23},"end":{"line":51,"column":1}}},"6":{"name":"(anonymous_14)","decl":{"start":{"line":50,"column":18},"end":{"line":50,"column":19}},"loc":{"start":{"line":50,"column":32},"end":{"line":50,"column":41}}}},"branchMap":{"0":{"loc":{"start":{"line":30,"column":2},"end":{"line":32,"column":null}},"type":"if","locations":[{"start":{"line":30,"column":2},"end":{"line":32,"column":null}}]}},"s":{"0":3,"1":3,"2":6,"3":3,"4":3,"5":6,"6":3,"7":3,"8":18,"9":18,"10":18,"11":1,"12":17,"13":3,"14":3,"15":6,"16":6,"17":6,"18":6,"19":6,"20":6,"21":18,"22":3},"f":{"0":6,"1":6,"2":18,"3":18,"4":6,"5":6,"6":18},"b":{"0":[1]}}
,"/Users/thorbjorntasche/projects/uniicy/mariaOrm/src/orm.ts": {"path":"/Users/thorbjorntasche/projects/uniicy/mariaOrm/src/orm.ts","statementMap":{"0":{"start":{"line":1,"column":0},"end":{"line":1,"column":53}},"1":{"start":{"line":2,"column":0},"end":{"line":2,"column":42}},"2":{"start":{"line":9,"column":10},"end":{"line":9,"column":62}},"3":{"start":{"line":10,"column":10},"end":{"line":10,"column":56}},"4":{"start":{"line":13,"column":4},"end":{"line":13,"column":31}},"5":{"start":{"line":14,"column":4},"end":{"line":14,"column":25}},"6":{"start":{"line":18,"column":4},"end":{"line":18,"column":35}},"7":{"start":{"line":19,"column":4},"end":{"line":19,"column":16}},"8":{"start":{"line":23,"column":17},"end":{"line":23,"column":49}},"9":{"start":{"line":24,"column":16},"end":{"line":27,"column":7}},"10":{"start":{"line":29,"column":4},"end":{"line":40,"column":null}},"11":{"start":{"line":30,"column":20},"end":{"line":30,"column":61}},"12":{"start":{"line":31,"column":6},"end":{"line":37,"column":null}},"13":{"start":{"line":32,"column":8},"end":{"line":36,"column":80}},"14":{"start":{"line":39,"column":6},"end":{"line":39,"column":56}},"15":{"start":{"line":42,"column":17},"end":{"line":42,"column":40}},"16":{"start":{"line":43,"column":4},"end":{"line":43,"column":15}},"17":{"start":{"line":45,"column":4},"end":{"line":45,"column":57}},"18":{"start":{"line":49,"column":24},"end":{"line":49,"column":26}},"19":{"start":{"line":50,"column":19},"end":{"line":50,"column":21}},"20":{"start":{"line":52,"column":4},"end":{"line":98,"column":null}},"21":{"start":{"line":53,"column":6},"end":{"line":97,"column":null}},"22":{"start":{"line":54,"column":25},"end":{"line":54,"column":44}},"23":{"start":{"line":55,"column":29},"end":{"line":55,"column":93}},"24":{"start":{"line":57,"column":8},"end":{"line":96,"column":null}},"25":{"start":{"line":61,"column":10},"end":{"line":67,"column":12}},"26":{"start":{"line":68,"column":10},"end":{"line":74,"column":12}},"27":{"start":{"line":75,"column":15},"end":{"line":96,"column":null}},"28":{"start":{"line":76,"column":28},"end":{"line":76,"column":66}},"29":{"start":{"line":77,"column":10},"end":{"line":83,"column":12}},"30":{"start":{"line":84,"column":10},"end":{"line":88,"column":12}},"31":{"start":{"line":89,"column":10},"end":{"line":95,"column":12}},"32":{"start":{"line":100,"column":4},"end":{"line":100,"column":44}},"33":{"start":{"line":108,"column":4},"end":{"line":113,"column":null}},"34":{"start":{"line":109,"column":6},"end":{"line":112,"column":8}},"35":{"start":{"line":115,"column":4},"end":{"line":120,"column":18}},"36":{"start":{"line":118,"column":10},"end":{"line":118,"column":80}},"37":{"start":{"line":127,"column":27},"end":{"line":127,"column":29}},"38":{"start":{"line":128,"column":46},"end":{"line":128,"column":48}},"39":{"start":{"line":130,"column":4},"end":{"line":155,"column":null}},"40":{"start":{"line":131,"column":22},"end":{"line":131,"column":28}},"41":{"start":{"line":132,"column":6},"end":{"line":145,"column":null}},"42":{"start":{"line":133,"column":8},"end":{"line":133,"column":44}},"43":{"start":{"line":134,"column":8},"end":{"line":138,"column":null}},"44":{"start":{"line":135,"column":10},"end":{"line":137,"column":null}},"45":{"start":{"line":136,"column":12},"end":{"line":136,"column":47}},"46":{"start":{"line":139,"column":8},"end":{"line":143,"column":null}},"47":{"start":{"line":140,"column":10},"end":{"line":142,"column":null}},"48":{"start":{"line":141,"column":12},"end":{"line":141,"column":41}},"49":{"start":{"line":144,"column":8},"end":{"line":144,"column":41}},"50":{"start":{"line":147,"column":6},"end":{"line":154,"column":null}},"51":{"start":{"line":148,"column":8},"end":{"line":153,"column":null}},"52":{"start":{"line":149,"column":32},"end":{"line":149,"column":67}},"53":{"start":{"line":150,"column":10},"end":{"line":152,"column":null}},"54":{"start":{"line":151,"column":12},"end":{"line":151,"column":56}},"55":{"start":{"line":158,"column":4},"end":{"line":174,"column":null}},"56":{"start":{"line":159,"column":6},"end":{"line":173,"column":null}},"57":{"start":{"line":160,"column":25},"end":{"line":160,"column":52}},"58":{"start":{"line":161,"column":8},"end":{"line":172,"column":null}},"59":{"start":{"line":162,"column":34},"end":{"line":169,"column":null}},"60":{"start":{"line":164,"column":14},"end":{"line":166,"column":null}},"61":{"start":{"line":164,"column":40},"end":{"line":164,"column":58}},"62":{"start":{"line":165,"column":16},"end":{"line":165,"column":33}},"63":{"start":{"line":167,"column":14},"end":{"line":167,"column":25}},"64":{"start":{"line":171,"column":10},"end":{"line":171,"column":52}},"65":{"start":{"line":176,"column":4},"end":{"line":176,"column":19}},"66":{"start":{"line":180,"column":31},"end":{"line":180,"column":33}},"67":{"start":{"line":181,"column":20},"end":{"line":181,"column":25}},"68":{"start":{"line":182,"column":4},"end":{"line":190,"column":null}},"69":{"start":{"line":183,"column":6},"end":{"line":189,"column":null}},"70":{"start":{"line":184,"column":27},"end":{"line":184,"column":59}},"71":{"start":{"line":185,"column":8},"end":{"line":185,"column":45}},"72":{"start":{"line":186,"column":8},"end":{"line":188,"column":null}},"73":{"start":{"line":187,"column":10},"end":{"line":187,"column":27}},"74":{"start":{"line":191,"column":4},"end":{"line":191,"column":44}},"75":{"start":{"line":198,"column":25},"end":{"line":198,"column":60}},"76":{"start":{"line":199,"column":4},"end":{"line":203,"column":6}},"77":{"start":{"line":204,"column":20},"end":{"line":204,"column":58}},"78":{"start":{"line":205,"column":4},"end":{"line":205,"column":55}},"79":{"start":{"line":212,"column":17},"end":{"line":212,"column":49}},"80":{"start":{"line":213,"column":16},"end":{"line":213,"column":36}},"81":{"start":{"line":215,"column":4},"end":{"line":218,"column":6}},"82":{"start":{"line":220,"column":4},"end":{"line":232,"column":null}},"83":{"start":{"line":221,"column":20},"end":{"line":221,"column":61}},"84":{"start":{"line":222,"column":6},"end":{"line":231,"column":null}},"85":{"start":{"line":223,"column":8},"end":{"line":226,"column":10}},"86":{"start":{"line":227,"column":8},"end":{"line":230,"column":10}},"87":{"start":{"line":234,"column":19},"end":{"line":234,"column":43}},"88":{"start":{"line":235,"column":17},"end":{"line":235,"column":48}},"89":{"start":{"line":236,"column":4},"end":{"line":236,"column":15}},"90":{"start":{"line":238,"column":4},"end":{"line":238,"column":57}},"91":{"start":{"line":242,"column":0},"end":{"line":242,"column":19}}},"fnMap":{"0":{"name":"(anonymous_8)","decl":{"start":{"line":12,"column":2},"end":{"line":12,"column":14}},"loc":{"start":{"line":12,"column":47},"end":{"line":15,"column":3}}},"1":{"name":"(anonymous_9)","decl":{"start":{"line":17,"column":2},"end":{"line":17,"column":13}},"loc":{"start":{"line":17,"column":54},"end":{"line":20,"column":3}}},"2":{"name":"(anonymous_10)","decl":{"start":{"line":22,"column":8},"end":{"line":22,"column":15}},"loc":{"start":{"line":22,"column":41},"end":{"line":46,"column":null}}},"3":{"name":"(anonymous_12)","decl":{"start":{"line":48,"column":16},"end":{"line":48,"column":32}},"loc":{"start":{"line":48,"column":77},"end":{"line":101,"column":null}}},"4":{"name":"(anonymous_14)","decl":{"start":{"line":103,"column":16},"end":{"line":103,"column":35}},"loc":{"start":{"line":106,"column":19},"end":{"line":121,"column":null}}},"5":{"name":"(anonymous_16)","decl":{"start":{"line":117,"column":8},"end":{"line":117,"column":9}},"loc":{"start":{"line":118,"column":10},"end":{"line":118,"column":80}}},"6":{"name":"(anonymous_17)","decl":{"start":{"line":123,"column":16},"end":{"line":123,"column":30}},"loc":{"start":{"line":125,"column":48},"end":{"line":177,"column":null}}},"7":{"name":"(anonymous_19)","decl":{"start":{"line":163,"column":12},"end":{"line":163,"column":13}},"loc":{"start":{"line":163,"column":38},"end":{"line":168,"column":13}}},"8":{"name":"(anonymous_20)","decl":{"start":{"line":164,"column":28},"end":{"line":164,"column":29}},"loc":{"start":{"line":164,"column":40},"end":{"line":164,"column":58}}},"9":{"name":"(anonymous_21)","decl":{"start":{"line":179,"column":10},"end":{"line":179,"column":30}},"loc":{"start":{"line":179,"column":55},"end":{"line":192,"column":3}}},"10":{"name":"(anonymous_22)","decl":{"start":{"line":194,"column":8},"end":{"line":194,"column":16}},"loc":{"start":{"line":196,"column":29},"end":{"line":206,"column":null}}},"11":{"name":"(anonymous_24)","decl":{"start":{"line":208,"column":8},"end":{"line":208,"column":12}},"loc":{"start":{"line":210,"column":29},"end":{"line":239,"column":null}}}},"branchMap":{"0":{"loc":{"start":{"line":22,"column":16},"end":{"line":22,"column":41}},"type":"default-arg","locations":[{"start":{"line":22,"column":39},"end":{"line":22,"column":41}}]},"1":{"loc":{"start":{"line":29,"column":4},"end":{"line":40,"column":null}},"type":"if","locations":[{"start":{"line":29,"column":4},"end":{"line":40,"column":null}},{"start":{"line":38,"column":11},"end":{"line":40,"column":null}}]},"2":{"loc":{"start":{"line":31,"column":6},"end":{"line":37,"column":null}},"type":"if","locations":[{"start":{"line":31,"column":6},"end":{"line":37,"column":null}}]},"3":{"loc":{"start":{"line":32,"column":17},"end":{"line":36,"column":79}},"type":"cond-expr","locations":[{"start":{"line":33,"column":12},"end":{"line":35,"column":41}},{"start":{"line":36,"column":12},"end":{"line":36,"column":79}}]},"4":{"loc":{"start":{"line":45,"column":37},"end":{"line":45,"column":55}},"type":"binary-expr","locations":[{"start":{"line":45,"column":37},"end":{"line":45,"column":49}},{"start":{"line":45,"column":53},"end":{"line":45,"column":55}}]},"5":{"loc":{"start":{"line":53,"column":6},"end":{"line":97,"column":null}},"type":"if","locations":[{"start":{"line":53,"column":6},"end":{"line":97,"column":null}}]},"6":{"loc":{"start":{"line":57,"column":8},"end":{"line":96,"column":null}},"type":"if","locations":[{"start":{"line":57,"column":8},"end":{"line":96,"column":null}},{"start":{"line":75,"column":15},"end":{"line":96,"column":null}}]},"7":{"loc":{"start":{"line":58,"column":10},"end":{"line":59,"column":41}},"type":"binary-expr","locations":[{"start":{"line":58,"column":10},"end":{"line":58,"column":41}},{"start":{"line":59,"column":10},"end":{"line":59,"column":41}}]},"8":{"loc":{"start":{"line":64,"column":23},"end":{"line":64,"column":50}},"type":"binary-expr","locations":[{"start":{"line":64,"column":23},"end":{"line":64,"column":42}},{"start":{"line":64,"column":46},"end":{"line":64,"column":50}}]},"9":{"loc":{"start":{"line":75,"column":15},"end":{"line":96,"column":null}},"type":"if","locations":[{"start":{"line":75,"column":15},"end":{"line":96,"column":null}}]},"10":{"loc":{"start":{"line":80,"column":23},"end":{"line":80,"column":50}},"type":"binary-expr","locations":[{"start":{"line":80,"column":23},"end":{"line":80,"column":42}},{"start":{"line":80,"column":46},"end":{"line":80,"column":50}}]},"11":{"loc":{"start":{"line":108,"column":4},"end":{"line":113,"column":null}},"type":"if","locations":[{"start":{"line":108,"column":4},"end":{"line":113,"column":null}}]},"12":{"loc":{"start":{"line":118,"column":46},"end":{"line":118,"column":72}},"type":"cond-expr","locations":[{"start":{"line":118,"column":55},"end":{"line":118,"column":67}},{"start":{"line":118,"column":70},"end":{"line":118,"column":72}}]},"13":{"loc":{"start":{"line":132,"column":6},"end":{"line":145,"column":null}},"type":"if","locations":[{"start":{"line":132,"column":6},"end":{"line":145,"column":null}}]},"14":{"loc":{"start":{"line":135,"column":10},"end":{"line":137,"column":null}},"type":"if","locations":[{"start":{"line":135,"column":10},"end":{"line":137,"column":null}}]},"15":{"loc":{"start":{"line":140,"column":10},"end":{"line":142,"column":null}},"type":"if","locations":[{"start":{"line":140,"column":10},"end":{"line":142,"column":null}}]},"16":{"loc":{"start":{"line":148,"column":8},"end":{"line":153,"column":null}},"type":"if","locations":[{"start":{"line":148,"column":8},"end":{"line":153,"column":null}}]},"17":{"loc":{"start":{"line":150,"column":10},"end":{"line":152,"column":null}},"type":"if","locations":[{"start":{"line":150,"column":10},"end":{"line":152,"column":null}}]},"18":{"loc":{"start":{"line":161,"column":8},"end":{"line":172,"column":null}},"type":"if","locations":[{"start":{"line":161,"column":8},"end":{"line":172,"column":null}}]},"19":{"loc":{"start":{"line":161,"column":12},"end":{"line":161,"column":72}},"type":"binary-expr","locations":[{"start":{"line":161,"column":12},"end":{"line":161,"column":44}},{"start":{"line":161,"column":48},"end":{"line":161,"column":72}}]},"20":{"loc":{"start":{"line":164,"column":14},"end":{"line":166,"column":null}},"type":"if","locations":[{"start":{"line":164,"column":14},"end":{"line":166,"column":null}}]},"21":{"loc":{"start":{"line":183,"column":6},"end":{"line":189,"column":null}},"type":"if","locations":[{"start":{"line":183,"column":6},"end":{"line":189,"column":null}}]},"22":{"loc":{"start":{"line":186,"column":8},"end":{"line":188,"column":null}},"type":"if","locations":[{"start":{"line":186,"column":8},"end":{"line":188,"column":null}}]},"23":{"loc":{"start":{"line":191,"column":11},"end":{"line":191,"column":43}},"type":"cond-expr","locations":[{"start":{"line":191,"column":23},"end":{"line":191,"column":36}},{"start":{"line":191,"column":39},"end":{"line":191,"column":43}}]},"24":{"loc":{"start":{"line":196,"column":4},"end":{"line":196,"column":29}},"type":"default-arg","locations":[{"start":{"line":196,"column":27},"end":{"line":196,"column":29}}]},"25":{"loc":{"start":{"line":205,"column":11},"end":{"line":205,"column":54}},"type":"cond-expr","locations":[{"start":{"line":205,"column":32},"end":{"line":205,"column":42}},{"start":{"line":205,"column":45},"end":{"line":205,"column":54}}]},"26":{"loc":{"start":{"line":210,"column":4},"end":{"line":210,"column":29}},"type":"default-arg","locations":[{"start":{"line":210,"column":27},"end":{"line":210,"column":29}}]},"27":{"loc":{"start":{"line":220,"column":4},"end":{"line":232,"column":null}},"type":"if","locations":[{"start":{"line":220,"column":4},"end":{"line":232,"column":null}}]},"28":{"loc":{"start":{"line":222,"column":6},"end":{"line":231,"column":null}},"type":"if","locations":[{"start":{"line":222,"column":6},"end":{"line":231,"column":null}}]},"29":{"loc":{"start":{"line":238,"column":37},"end":{"line":238,"column":55}},"type":"binary-expr","locations":[{"start":{"line":238,"column":37},"end":{"line":238,"column":49}},{"start":{"line":238,"column":53},"end":{"line":238,"column":55}}]}},"s":{"0":1,"1":1,"2":3,"3":3,"4":3,"5":3,"6":3,"7":3,"8":5,"9":5,"10":5,"11":3,"12":3,"13":3,"14":2,"15":5,"16":5,"17":5,"18":4,"19":4,"20":4,"21":7,"22":4,"23":4,"24":4,"25":2,"26":2,"27":2,"28":2,"29":2,"30":2,"31":2,"32":4,"33":9,"34":6,"35":9,"36":28,"37":11,"38":11,"39":11,"40":12,"41":12,"42":12,"43":12,"44":56,"45":37,"46":12,"47":19,"48":6,"49":12,"50":12,"51":19,"52":6,"53":6,"54":4,"55":11,"56":12,"57":19,"58":19,"59":3,"60":2,"61":0,"62":2,"63":2,"64":3,"65":11,"66":6,"67":6,"68":6,"69":36,"70":19,"71":19,"72":19,"73":13,"74":6,"75":3,"76":3,"77":3,"78":3,"79":6,"80":6,"81":6,"82":6,"83":1,"84":1,"85":1,"86":1,"87":6,"88":6,"89":6,"90":6,"91":1},"f":{"0":3,"1":3,"2":5,"3":4,"4":9,"5":28,"6":11,"7":2,"8":0,"9":6,"10":3,"11":6},"b":{"0":[2],"1":[3,2],"2":[3],"3":[3,0],"4":[5,2],"5":[4],"6":[2,2],"7":[4,2],"8":[2,2],"9":[2],"10":[2,2],"11":[6],"12":[13,15],"13":[12],"14":[37],"15":[6],"16":[6],"17":[4],"18":[3],"19":[19,10],"20":[2],"21":[19],"22":[13],"23":[4,2],"24":[2],"25":[2,1],"26":[3],"27":[1],"28":[1],"29":[6,5]}}
,"/Users/thorbjorntasche/projects/uniicy/mariaOrm/src/queryBuilder.ts": {"path":"/Users/thorbjorntasche/projects/uniicy/mariaOrm/src/queryBuilder.ts","statementMap":{"0":{"start":{"line":3,"column":10},"end":{"line":3,"column":38}},"1":{"start":{"line":4,"column":10},"end":{"line":4,"column":40}},"2":{"start":{"line":5,"column":10},"end":{"line":5,"column":29}},"3":{"start":{"line":8,"column":4},"end":{"line":8,"column":31}},"4":{"start":{"line":12,"column":4},"end":{"line":12,"column":62}},"5":{"start":{"line":13,"column":4},"end":{"line":13,"column":28}},"6":{"start":{"line":14,"column":4},"end":{"line":14,"column":16}},"7":{"start":{"line":18,"column":4},"end":{"line":18,"column":64}},"8":{"start":{"line":19,"column":4},"end":{"line":19,"column":28}},"9":{"start":{"line":20,"column":4},"end":{"line":20,"column":16}},"10":{"start":{"line":24,"column":16},"end":{"line":24,"column":49}},"11":{"start":{"line":25,"column":4},"end":{"line":36,"column":null}},"12":{"start":{"line":26,"column":6},"end":{"line":26,"column":25}},"13":{"start":{"line":27,"column":6},"end":{"line":29,"column":null}},"14":{"start":{"line":28,"column":8},"end":{"line":28,"column":49}},"15":{"start":{"line":30,"column":6},"end":{"line":35,"column":null}},"16":{"start":{"line":31,"column":8},"end":{"line":33,"column":null}},"17":{"start":{"line":32,"column":10},"end":{"line":32,"column":26}},"18":{"start":{"line":34,"column":8},"end":{"line":34,"column":50}},"19":{"start":{"line":37,"column":4},"end":{"line":37,"column":17}},"20":{"start":{"line":41,"column":4},"end":{"line":41,"column":23}},"21":{"start":{"line":45,"column":0},"end":{"line":45,"column":28}}},"fnMap":{"0":{"name":"(anonymous_0)","decl":{"start":{"line":7,"column":2},"end":{"line":7,"column":14}},"loc":{"start":{"line":7,"column":31},"end":{"line":9,"column":3}}},"1":{"name":"(anonymous_1)","decl":{"start":{"line":11,"column":2},"end":{"line":11,"column":7}},"loc":{"start":{"line":11,"column":53},"end":{"line":15,"column":3}}},"2":{"name":"(anonymous_2)","decl":{"start":{"line":17,"column":2},"end":{"line":17,"column":9}},"loc":{"start":{"line":17,"column":55},"end":{"line":21,"column":3}}},"3":{"name":"(anonymous_3)","decl":{"start":{"line":23,"column":2},"end":{"line":23,"column":7}},"loc":{"start":{"line":23,"column":7},"end":{"line":38,"column":3}}},"4":{"name":"(anonymous_4)","decl":{"start":{"line":40,"column":2},"end":{"line":40,"column":11}},"loc":{"start":{"line":40,"column":11},"end":{"line":42,"column":3}}}},"branchMap":{"0":{"loc":{"start":{"line":25,"column":4},"end":{"line":36,"column":null}},"type":"if","locations":[{"start":{"line":25,"column":4},"end":{"line":36,"column":null}}]},"1":{"loc":{"start":{"line":25,"column":8},"end":{"line":25,"column":70}},"type":"binary-expr","locations":[{"start":{"line":25,"column":8},"end":{"line":25,"column":36}},{"start":{"line":25,"column":40},"end":{"line":25,"column":70}}]},"2":{"loc":{"start":{"line":27,"column":6},"end":{"line":29,"column":null}},"type":"if","locations":[{"start":{"line":27,"column":6},"end":{"line":29,"column":null}}]},"3":{"loc":{"start":{"line":30,"column":6},"end":{"line":35,"column":null}},"type":"if","locations":[{"start":{"line":30,"column":6},"end":{"line":35,"column":null}}]},"4":{"loc":{"start":{"line":31,"column":8},"end":{"line":33,"column":null}},"type":"if","locations":[{"start":{"line":31,"column":8},"end":{"line":33,"column":null}}]}},"s":{"0":7,"1":7,"2":7,"3":7,"4":7,"5":7,"6":7,"7":1,"8":1,"9":1,"10":7,"11":7,"12":7,"13":7,"14":7,"15":7,"16":1,"17":1,"18":1,"19":7,"20":7,"21":2},"f":{"0":7,"1":7,"2":1,"3":7,"4":7},"b":{"0":[7],"1":[7,0],"2":[7],"3":[1],"4":[1]}}
}
