TN:
SF:src/db.ts
FN:11,(anonymous_8)
FN:24,(anonymous_9)
FN:28,(anonymous_10)
FN:28,(anonymous_11)
FN:42,(anonymous_12)
FN:45,(anonymous_13)
FN:50,(anonymous_14)
FNF:7
FNH:7
FNDA:6,(anonymous_8)
FNDA:6,(anonymous_9)
FNDA:18,(anonymous_10)
FNDA:18,(anonymous_11)
FNDA:6,(anonymous_12)
FNDA:6,(anonymous_13)
FNDA:18,(anonymous_14)
DA:1,3
DA:11,3
DA:12,6
DA:22,3
DA:24,3
DA:25,6
DA:28,18
DA:29,18
DA:30,18
DA:31,1
DA:33,17
DA:42,3
DA:45,6
DA:46,6
DA:47,6
DA:48,6
DA:49,6
DA:50,18
LF:18
LH:18
BRDA:30,0,0,1
BRF:1
BRH:1
end_of_record
TN:
SF:src/orm.ts
FN:12,(anonymous_8)
FN:17,(anonymous_9)
FN:22,(anonymous_10)
FN:48,(anonymous_12)
FN:103,(anonymous_14)
FN:117,(anonymous_16)
FN:123,(anonymous_17)
FN:163,(anonymous_19)
FN:164,(anonymous_20)
FN:179,(anonymous_21)
FN:194,(anonymous_22)
FN:208,(anonymous_24)
FNF:12
FNH:11
FNDA:3,(anonymous_8)
FNDA:3,(anonymous_9)
FNDA:5,(anonymous_10)
FNDA:4,(anonymous_12)
FNDA:9,(anonymous_14)
FNDA:28,(anonymous_16)
FNDA:11,(anonymous_17)
FNDA:2,(anonymous_19)
FNDA:0,(anonymous_20)
FNDA:6,(anonymous_21)
FNDA:3,(anonymous_22)
FNDA:6,(anonymous_24)
DA:1,1
DA:2,1
DA:9,3
DA:10,3
DA:13,3
DA:14,3
DA:18,3
DA:19,3
DA:23,5
DA:24,5
DA:29,5
DA:30,3
DA:31,3
DA:32,3
DA:39,2
DA:42,5
DA:43,5
DA:45,5
DA:49,4
DA:50,4
DA:52,4
DA:53,7
DA:54,4
DA:55,4
DA:57,4
DA:61,2
DA:68,2
DA:75,2
DA:76,2
DA:77,2
DA:84,2
DA:89,2
DA:100,4
DA:108,9
DA:109,6
DA:115,9
DA:118,28
DA:127,11
DA:128,11
DA:130,11
DA:131,12
DA:132,12
DA:133,12
DA:134,12
DA:135,56
DA:136,37
DA:139,12
DA:140,19
DA:141,6
DA:144,12
DA:147,12
DA:148,19
DA:149,6
DA:150,6
DA:151,4
DA:158,11
DA:159,12
DA:160,19
DA:161,19
DA:162,3
DA:164,2
DA:165,2
DA:167,2
DA:171,3
DA:176,11
DA:180,6
DA:181,6
DA:182,6
DA:183,36
DA:184,19
DA:185,19
DA:186,19
DA:187,13
DA:191,6
DA:198,3
DA:199,3
DA:204,3
DA:205,3
DA:212,6
DA:213,6
DA:215,6
DA:220,6
DA:221,1
DA:222,1
DA:223,1
DA:227,1
DA:234,6
DA:235,6
DA:236,6
DA:238,6
DA:242,1
LF:91
LH:91
BRDA:22,0,0,2
BRDA:29,1,0,3
BRDA:29,1,1,2
BRDA:31,2,0,3
BRDA:32,3,0,3
BRDA:32,3,1,0
BRDA:45,4,0,5
BRDA:45,4,1,2
BRDA:53,5,0,4
BRDA:57,6,0,2
BRDA:57,6,1,2
BRDA:58,7,0,4
BRDA:58,7,1,2
BRDA:64,8,0,2
BRDA:64,8,1,2
BRDA:75,9,0,2
BRDA:80,10,0,2
BRDA:80,10,1,2
BRDA:108,11,0,6
BRDA:118,12,0,13
BRDA:118,12,1,15
BRDA:132,13,0,12
BRDA:135,14,0,37
BRDA:140,15,0,6
BRDA:148,16,0,6
BRDA:150,17,0,4
BRDA:161,18,0,3
BRDA:161,19,0,19
BRDA:161,19,1,10
BRDA:164,20,0,2
BRDA:183,21,0,19
BRDA:186,22,0,13
BRDA:191,23,0,4
BRDA:191,23,1,2
BRDA:196,24,0,2
BRDA:205,25,0,2
BRDA:205,25,1,1
BRDA:210,26,0,3
BRDA:220,27,0,1
BRDA:222,28,0,1
BRDA:238,29,0,6
BRDA:238,29,1,5
BRF:42
BRH:41
end_of_record
TN:
SF:src/queryBuilder.ts
FN:7,(anonymous_0)
FN:11,(anonymous_1)
FN:17,(anonymous_2)
FN:23,(anonymous_3)
FN:40,(anonymous_4)
FNF:5
FNH:5
FNDA:7,(anonymous_0)
FNDA:7,(anonymous_1)
FNDA:1,(anonymous_2)
FNDA:7,(anonymous_3)
FNDA:7,(anonymous_4)
DA:3,7
DA:4,7
DA:5,7
DA:8,7
DA:12,7
DA:13,7
DA:14,7
DA:18,1
DA:19,1
DA:20,1
DA:24,7
DA:25,7
DA:26,7
DA:27,7
DA:28,7
DA:30,7
DA:31,1
DA:32,1
DA:34,1
DA:37,7
DA:41,7
DA:45,2
LF:22
LH:22
BRDA:25,0,0,7
BRDA:25,1,0,7
BRDA:25,1,1,0
BRDA:27,2,0,7
BRDA:30,3,0,1
BRDA:31,4,0,1
BRF:6
BRH:5
end_of_record
